<?xml version="1.0" encoding="UTF-8"?>
<!-- Generated by org.testng.reporters.JUnitReportReporter -->
<testsuite hostname="spyder" failures="0" tests="2" name="pac1.contactTest" time="0.000" errors="0" timestamp="2024-05-17T12:39:27 IST" skipped="0">
  <testcase classname="pac1.contactTest" name="modifyconntactTest" time="0.000"/>
  <testcase classname="pac1.contactTest" name="creatcontactTest" time="0.000"/>
</testsuite> <!-- pac1.contactTest -->
