<?xml version="1.0" encoding="UTF-8"?>
<!-- Generated by org.testng.reporters.JUnitReportReporter -->
<testsuite hostname="spyder" failures="0" tests="2" name="pac2.orgTest" time="0.000" errors="0" timestamp="2024-05-17T12:39:27 IST" skipped="0">
  <testcase classname="pac2.orgTest" name="creatorgTest" time="0.000"/>
  <testcase classname="pac2.orgTest" name="modifyorgTest" time="0.000"/>
</testsuite> <!-- pac2.orgTest -->
